<?xml version="1.0" encoding="UTF-8"?>
<!-- Generated by org.testng.reporters.JUnitReportReporter -->
<testsuite skipped="0" hostname="LAPTOP-RKLP3EC1" name="test1.Test1" tests="1" failures="0" timestamp="2022-03-24T00:41:25 IST" time="17.072" errors="0">
  <testcase name="verifytest4" time="17.072" classname="test1.Test1"/>
  <system-out/>
</testsuite> <!-- test1.Test1 -->
