<?xml version="1.0" encoding="UTF-8"?>
<!-- Generated by org.testng.reporters.JUnitReportReporter -->
<testsuite hostname="LAPTOP-RKLP3EC1" name="readdata.ReadExcel" tests="4" failures="0" timestamp="20 Mar 2022 19:26:35 GMT" time="41.582" errors="0">
  <testcase name="senda" time="9.847" classname="readdata.ReadExcel"/>
  <testcase name="senda" time="10.335" classname="readdata.ReadExcel"/>
  <testcase name="senda" time="10.573" classname="readdata.ReadExcel"/>
  <testcase name="senda" time="10.827" classname="readdata.ReadExcel"/>
</testsuite> <!-- readdata.ReadExcel -->
