<?xml version="1.0" encoding="UTF-8"?>
<!-- Generated by org.testng.reporters.JUnitReportReporter -->
<testsuite skipped="0" hostname="LAPTOP-RKLP3EC1" name="patch.Update" tests="1" failures="0" timestamp="2022-03-26T17:29:38 IST" time="3.068" errors="0">
  <testcase name="update" time="3.068" classname="patch.Update"/>
  <system-out/>
</testsuite> <!-- patch.Update -->
