<?xml version="1.0" encoding="UTF-8"?>
<!-- Generated by org.testng.reporters.JUnitReportReporter -->
<testsuite skipped="0" hostname="LAPTOP-RKLP3EC1" name="implicitwait.WaitTest" tests="1" failures="0" timestamp="2022-03-25T15:14:40 IST" time="7.722" errors="0">
  <testcase name="testUntitled" time="7.722" classname="implicitwait.WaitTest"/>
  <system-out/>
</testsuite> <!-- implicitwait.WaitTest -->
